{"name":"hexo","hostname":"lexssama-KPL-W0X","pid":12082,"level":20,"msg":"Writing database to /home/lexssama/blog/db.json","time":"2020-02-16T07:05:45.484Z","v":0}
{"name":"hexo","hostname":"lexssama-KPL-W0X","pid":12082,"level":20,"msg":"Hexo version: \u001b[35m4.2.0\u001b[39m","time":"2020-02-16T07:05:45.498Z","v":0}
{"name":"hexo","hostname":"lexssama-KPL-W0X","pid":12082,"level":20,"msg":"Working directory: \u001b[35m~/blog/\u001b[39m","time":"2020-02-16T07:05:45.498Z","v":0}
{"name":"hexo","hostname":"lexssama-KPL-W0X","pid":12082,"level":20,"msg":"Config loaded: \u001b[35m~/blog/_config.yml\u001b[39m","time":"2020-02-16T07:05:45.560Z","v":0}
{"name":"hexo","hostname":"lexssama-KPL-W0X","pid":12082,"level":20,"msg":"Plugin loaded: \u001b[35mhexo-deployer-git\u001b[39m","time":"2020-02-16T07:05:45.632Z","v":0}
{"name":"hexo","hostname":"lexssama-KPL-W0X","pid":12082,"level":20,"msg":"Plugin loaded: \u001b[35mhexo-deployer-heroku\u001b[39m","time":"2020-02-16T07:05:45.709Z","v":0}
{"name":"hexo","hostname":"lexssama-KPL-W0X","pid":12082,"level":20,"msg":"Plugin loaded: \u001b[35mhexo-deployer-rsync\u001b[39m","time":"2020-02-16T07:05:45.716Z","v":0}
{"name":"hexo","hostname":"lexssama-KPL-W0X","pid":12082,"level":20,"msg":"Plugin loaded: \u001b[35mhexo-generator-category\u001b[39m","time":"2020-02-16T07:05:45.717Z","v":0}
{"name":"hexo","hostname":"lexssama-KPL-W0X","pid":12082,"level":20,"msg":"Plugin loaded: \u001b[35mhexo-deployer-openshift\u001b[39m","time":"2020-02-16T07:05:45.772Z","v":0}
{"name":"hexo","hostname":"lexssama-KPL-W0X","pid":12082,"level":20,"msg":"Plugin loaded: \u001b[35mhexo-generator-feed\u001b[39m","time":"2020-02-16T07:05:45.773Z","v":0}
{"name":"hexo","hostname":"lexssama-KPL-W0X","pid":12082,"level":20,"msg":"Plugin loaded: \u001b[35mhexo-generator-archive\u001b[39m","time":"2020-02-16T07:05:45.774Z","v":0}
{"name":"hexo","hostname":"lexssama-KPL-W0X","pid":12082,"level":20,"msg":"Plugin loaded: \u001b[35mhexo-generator-index\u001b[39m","time":"2020-02-16T07:05:45.774Z","v":0}
{"name":"hexo","hostname":"lexssama-KPL-W0X","pid":12082,"level":20,"msg":"Plugin loaded: \u001b[35mhexo-generator-sitemap\u001b[39m","time":"2020-02-16T07:05:45.775Z","v":0}
{"name":"hexo","hostname":"lexssama-KPL-W0X","pid":12082,"level":20,"msg":"Plugin loaded: \u001b[35mhexo-generator-tag\u001b[39m","time":"2020-02-16T07:05:45.776Z","v":0}
{"name":"hexo","hostname":"lexssama-KPL-W0X","pid":12082,"level":20,"msg":"Plugin loaded: \u001b[35mhexo-server\u001b[39m","time":"2020-02-16T07:05:45.830Z","v":0}
{"name":"hexo","hostname":"lexssama-KPL-W0X","pid":12082,"level":20,"msg":"Plugin loaded: \u001b[35mhexo-renderer-ejs\u001b[39m","time":"2020-02-16T07:05:45.832Z","v":0}
{"name":"hexo","hostname":"lexssama-KPL-W0X","pid":12082,"level":20,"msg":"Plugin loaded: \u001b[35mhexo-renderer-marked\u001b[39m","time":"2020-02-16T07:05:45.852Z","v":0}
{"name":"hexo","hostname":"lexssama-KPL-W0X","pid":12082,"level":20,"msg":"Plugin loaded: \u001b[35mhexo-renderer-stylus\u001b[39m","time":"2020-02-16T07:05:45.906Z","v":0}
{"name":"hexo","hostname":"lexssama-KPL-W0X","pid":12082,"level":20,"msg":"Script loaded: \u001b[35mthemes/landscape/scripts/fancybox.js\u001b[39m","time":"2020-02-16T07:05:45.909Z","v":0}
{"name":"hexo","hostname":"lexssama-KPL-W0X","pid":12082,"level":20,"msg":"Loading database.","time":"2020-02-16T07:05:45.911Z","v":0}
{"name":"hexo","hostname":"lexssama-KPL-W0X","pid":12082,"level":30,"msg":"Start processing","time":"2020-02-16T07:05:45.950Z","v":0}
{"name":"hexo","hostname":"lexssama-KPL-W0X","pid":12082,"level":20,"msg":"Processed: \u001b[35m_posts/blog.md\u001b[39m","time":"2020-02-16T07:05:45.967Z","v":0}
{"name":"hexo","hostname":"lexssama-KPL-W0X","pid":12082,"level":20,"msg":"Processed: \u001b[35m_posts/process-switch-base-on-stack-switch.md\u001b[39m","time":"2020-02-16T07:05:45.967Z","v":0}
{"name":"hexo","hostname":"lexssama-KPL-W0X","pid":12082,"level":20,"msg":"Processed: \u001b[35m_posts/hello-world.md\u001b[39m","time":"2020-02-16T07:05:45.968Z","v":0}
{"name":"hexo","hostname":"lexssama-KPL-W0X","pid":12082,"level":20,"msg":"Processed: \u001b[35m_posts/process-switch-base-on-stack-switch-1.md\u001b[39m","time":"2020-02-16T07:05:45.968Z","v":0}
{"name":"hexo","hostname":"lexssama-KPL-W0X","pid":12082,"level":20,"msg":"Theme config loaded.","time":"2020-02-16T07:05:45.990Z","v":0}
{"name":"hexo","hostname":"lexssama-KPL-W0X","pid":12082,"level":20,"msg":"Processed: \u001b[35msource/css/main.css\u001b[39m","time":"2020-02-16T07:05:45.992Z","v":0}
{"name":"hexo","hostname":"lexssama-KPL-W0X","pid":12082,"level":20,"msg":"Processed: \u001b[35m_config.yml\u001b[39m","time":"2020-02-16T07:05:45.992Z","v":0}
{"name":"hexo","hostname":"lexssama-KPL-W0X","pid":12082,"level":20,"msg":"Processed: \u001b[35msource/css/style.styl\u001b[39m","time":"2020-02-16T07:05:45.993Z","v":0}
{"name":"hexo","hostname":"lexssama-KPL-W0X","pid":12082,"level":20,"msg":"Processed: \u001b[35msource/fancybox/blank.gif\u001b[39m","time":"2020-02-16T07:05:45.993Z","v":0}
{"name":"hexo","hostname":"lexssama-KPL-W0X","pid":12082,"level":20,"msg":"Processed: \u001b[35msource/fancybox/fancybox_loading.gif\u001b[39m","time":"2020-02-16T07:05:45.993Z","v":0}
{"name":"hexo","hostname":"lexssama-KPL-W0X","pid":12082,"level":20,"msg":"Processed: \u001b[35msource/fancybox/fancybox_loading@2x.gif\u001b[39m","time":"2020-02-16T07:05:45.993Z","v":0}
{"name":"hexo","hostname":"lexssama-KPL-W0X","pid":12082,"level":20,"msg":"Processed: \u001b[35msource/fancybox/fancybox_overlay.png\u001b[39m","time":"2020-02-16T07:05:45.994Z","v":0}
{"name":"hexo","hostname":"lexssama-KPL-W0X","pid":12082,"level":20,"msg":"Processed: \u001b[35msource/fancybox/fancybox_sprite.png\u001b[39m","time":"2020-02-16T07:05:45.994Z","v":0}
{"name":"hexo","hostname":"lexssama-KPL-W0X","pid":12082,"level":20,"msg":"Processed: \u001b[35msource/fancybox/fancybox_sprite@2x.png\u001b[39m","time":"2020-02-16T07:05:45.994Z","v":0}
{"name":"hexo","hostname":"lexssama-KPL-W0X","pid":12082,"level":20,"msg":"Processed: \u001b[35msource/fancybox/jquery.fancybox.css\u001b[39m","time":"2020-02-16T07:05:45.994Z","v":0}
{"name":"hexo","hostname":"lexssama-KPL-W0X","pid":12082,"level":20,"msg":"Processed: \u001b[35msource/fancybox/jquery.fancybox.js\u001b[39m","time":"2020-02-16T07:05:45.994Z","v":0}
{"name":"hexo","hostname":"lexssama-KPL-W0X","pid":12082,"level":20,"msg":"Processed: \u001b[35msource/fancybox/jquery.fancybox.pack.js\u001b[39m","time":"2020-02-16T07:05:45.995Z","v":0}
{"name":"hexo","hostname":"lexssama-KPL-W0X","pid":12082,"level":20,"msg":"Processed: \u001b[35msource/js/lazyload.js\u001b[39m","time":"2020-02-16T07:05:45.995Z","v":0}
{"name":"hexo","hostname":"lexssama-KPL-W0X","pid":12082,"level":20,"msg":"Processed: \u001b[35msource/js/local-search.js\u001b[39m","time":"2020-02-16T07:05:45.995Z","v":0}
{"name":"hexo","hostname":"lexssama-KPL-W0X","pid":12082,"level":20,"msg":"Processed: \u001b[35msource/js/main.js\u001b[39m","time":"2020-02-16T07:05:45.995Z","v":0}
{"name":"hexo","hostname":"lexssama-KPL-W0X","pid":12082,"level":20,"msg":"Processed: \u001b[35msource/js/post.js\u001b[39m","time":"2020-02-16T07:05:45.995Z","v":0}
{"name":"hexo","hostname":"lexssama-KPL-W0X","pid":12082,"level":20,"msg":"Processed: \u001b[35msource/js/script.js\u001b[39m","time":"2020-02-16T07:05:45.995Z","v":0}
{"name":"hexo","hostname":"lexssama-KPL-W0X","pid":12082,"level":20,"msg":"Processed: \u001b[35mlayout/archive.ejs\u001b[39m","time":"2020-02-16T07:05:46.013Z","v":0}
{"name":"hexo","hostname":"lexssama-KPL-W0X","pid":12082,"level":20,"msg":"Processed: \u001b[35mlayout/category.ejs\u001b[39m","time":"2020-02-16T07:05:46.014Z","v":0}
{"name":"hexo","hostname":"lexssama-KPL-W0X","pid":12082,"level":20,"msg":"Processed: \u001b[35mlayout/index.ejs\u001b[39m","time":"2020-02-16T07:05:46.014Z","v":0}
{"name":"hexo","hostname":"lexssama-KPL-W0X","pid":12082,"level":20,"msg":"Processed: \u001b[35mlayout/layout.ejs\u001b[39m","time":"2020-02-16T07:05:46.014Z","v":0}
{"name":"hexo","hostname":"lexssama-KPL-W0X","pid":12082,"level":20,"msg":"Processed: \u001b[35mlayout/page.ejs\u001b[39m","time":"2020-02-16T07:05:46.014Z","v":0}
{"name":"hexo","hostname":"lexssama-KPL-W0X","pid":12082,"level":20,"msg":"Processed: \u001b[35mlayout/post.ejs\u001b[39m","time":"2020-02-16T07:05:46.014Z","v":0}
{"name":"hexo","hostname":"lexssama-KPL-W0X","pid":12082,"level":20,"msg":"Processed: \u001b[35mlayout/tag.ejs\u001b[39m","time":"2020-02-16T07:05:46.014Z","v":0}
{"name":"hexo","hostname":"lexssama-KPL-W0X","pid":12082,"level":20,"msg":"Processed: \u001b[35mlanguages/de.yml\u001b[39m","time":"2020-02-16T07:05:46.018Z","v":0}
{"name":"hexo","hostname":"lexssama-KPL-W0X","pid":12082,"level":20,"msg":"Processed: \u001b[35mlanguages/default.yml\u001b[39m","time":"2020-02-16T07:05:46.018Z","v":0}
{"name":"hexo","hostname":"lexssama-KPL-W0X","pid":12082,"level":20,"msg":"Processed: \u001b[35mlanguages/es.yml\u001b[39m","time":"2020-02-16T07:05:46.018Z","v":0}
{"name":"hexo","hostname":"lexssama-KPL-W0X","pid":12082,"level":20,"msg":"Processed: \u001b[35mlanguages/fr.yml\u001b[39m","time":"2020-02-16T07:05:46.018Z","v":0}
{"name":"hexo","hostname":"lexssama-KPL-W0X","pid":12082,"level":20,"msg":"Processed: \u001b[35mlanguages/ja.yml\u001b[39m","time":"2020-02-16T07:05:46.018Z","v":0}
{"name":"hexo","hostname":"lexssama-KPL-W0X","pid":12082,"level":20,"msg":"Processed: \u001b[35mlanguages/ko.yml\u001b[39m","time":"2020-02-16T07:05:46.018Z","v":0}
{"name":"hexo","hostname":"lexssama-KPL-W0X","pid":12082,"level":20,"msg":"Processed: \u001b[35mlanguages/nl.yml\u001b[39m","time":"2020-02-16T07:05:46.018Z","v":0}
{"name":"hexo","hostname":"lexssama-KPL-W0X","pid":12082,"level":20,"msg":"Processed: \u001b[35mlanguages/no.yml\u001b[39m","time":"2020-02-16T07:05:46.018Z","v":0}
{"name":"hexo","hostname":"lexssama-KPL-W0X","pid":12082,"level":20,"msg":"Processed: \u001b[35mlanguages/pt.yml\u001b[39m","time":"2020-02-16T07:05:46.018Z","v":0}
{"name":"hexo","hostname":"lexssama-KPL-W0X","pid":12082,"level":20,"msg":"Processed: \u001b[35mlanguages/ru.yml\u001b[39m","time":"2020-02-16T07:05:46.018Z","v":0}
{"name":"hexo","hostname":"lexssama-KPL-W0X","pid":12082,"level":20,"msg":"Processed: \u001b[35mlanguages/zh-CN.yml\u001b[39m","time":"2020-02-16T07:05:46.018Z","v":0}
{"name":"hexo","hostname":"lexssama-KPL-W0X","pid":12082,"level":20,"msg":"Processed: \u001b[35mlanguages/zh-TW.yml\u001b[39m","time":"2020-02-16T07:05:46.018Z","v":0}
{"name":"hexo","hostname":"lexssama-KPL-W0X","pid":12082,"level":20,"msg":"Processed: \u001b[35msource/css/fonts/FontAwesome.otf\u001b[39m","time":"2020-02-16T07:05:46.019Z","v":0}
{"name":"hexo","hostname":"lexssama-KPL-W0X","pid":12082,"level":20,"msg":"Processed: \u001b[35msource/css/fonts/fontawesome-webfont.eot\u001b[39m","time":"2020-02-16T07:05:46.019Z","v":0}
{"name":"hexo","hostname":"lexssama-KPL-W0X","pid":12082,"level":20,"msg":"Processed: \u001b[35msource/css/fonts/fontawesome-webfont.svg\u001b[39m","time":"2020-02-16T07:05:46.019Z","v":0}
{"name":"hexo","hostname":"lexssama-KPL-W0X","pid":12082,"level":20,"msg":"Processed: \u001b[35msource/css/fonts/fontawesome-webfont.ttf\u001b[39m","time":"2020-02-16T07:05:46.019Z","v":0}
{"name":"hexo","hostname":"lexssama-KPL-W0X","pid":12082,"level":20,"msg":"Processed: \u001b[35msource/css/fonts/fontawesome-webfont.woff\u001b[39m","time":"2020-02-16T07:05:46.020Z","v":0}
{"name":"hexo","hostname":"lexssama-KPL-W0X","pid":12082,"level":20,"msg":"Processed: \u001b[35msource/css/images/banner.jpg\u001b[39m","time":"2020-02-16T07:05:46.020Z","v":0}
{"name":"hexo","hostname":"lexssama-KPL-W0X","pid":12082,"level":20,"msg":"Processed: \u001b[35msource/fancybox/helpers/fancybox_buttons.png\u001b[39m","time":"2020-02-16T07:05:46.020Z","v":0}
{"name":"hexo","hostname":"lexssama-KPL-W0X","pid":12082,"level":20,"msg":"Processed: \u001b[35msource/fancybox/helpers/jquery.fancybox-buttons.css\u001b[39m","time":"2020-02-16T07:05:46.020Z","v":0}
{"name":"hexo","hostname":"lexssama-KPL-W0X","pid":12082,"level":20,"msg":"Processed: \u001b[35msource/fancybox/helpers/jquery.fancybox-buttons.js\u001b[39m","time":"2020-02-16T07:05:46.021Z","v":0}
{"name":"hexo","hostname":"lexssama-KPL-W0X","pid":12082,"level":20,"msg":"Processed: \u001b[35msource/fancybox/helpers/jquery.fancybox-media.js\u001b[39m","time":"2020-02-16T07:05:46.021Z","v":0}
{"name":"hexo","hostname":"lexssama-KPL-W0X","pid":12082,"level":20,"msg":"Processed: \u001b[35msource/fancybox/helpers/jquery.fancybox-thumbs.css\u001b[39m","time":"2020-02-16T07:05:46.021Z","v":0}
{"name":"hexo","hostname":"lexssama-KPL-W0X","pid":12082,"level":20,"msg":"Processed: \u001b[35msource/fancybox/helpers/jquery.fancybox-thumbs.js\u001b[39m","time":"2020-02-16T07:05:46.021Z","v":0}
{"name":"hexo","hostname":"lexssama-KPL-W0X","pid":12082,"level":20,"msg":"Processed: \u001b[35mlayout/_partial/after-footer.ejs\u001b[39m","time":"2020-02-16T07:05:46.035Z","v":0}
{"name":"hexo","hostname":"lexssama-KPL-W0X","pid":12082,"level":20,"msg":"Processed: \u001b[35mlayout/_partial/footer.ejs\u001b[39m","time":"2020-02-16T07:05:46.035Z","v":0}
{"name":"hexo","hostname":"lexssama-KPL-W0X","pid":12082,"level":20,"msg":"Processed: \u001b[35mlayout/_partial/archive.ejs\u001b[39m","time":"2020-02-16T07:05:46.035Z","v":0}
{"name":"hexo","hostname":"lexssama-KPL-W0X","pid":12082,"level":20,"msg":"Processed: \u001b[35mlayout/_partial/gauges-analytics.ejs\u001b[39m","time":"2020-02-16T07:05:46.035Z","v":0}
{"name":"hexo","hostname":"lexssama-KPL-W0X","pid":12082,"level":20,"msg":"Processed: \u001b[35mlayout/_partial/article.ejs\u001b[39m","time":"2020-02-16T07:05:46.035Z","v":0}
{"name":"hexo","hostname":"lexssama-KPL-W0X","pid":12082,"level":20,"msg":"Processed: \u001b[35mlayout/_partial/archive-post.ejs\u001b[39m","time":"2020-02-16T07:05:46.035Z","v":0}
{"name":"hexo","hostname":"lexssama-KPL-W0X","pid":12082,"level":20,"msg":"Processed: \u001b[35mlayout/_partial/google-analytics.ejs\u001b[39m","time":"2020-02-16T07:05:46.036Z","v":0}
{"name":"hexo","hostname":"lexssama-KPL-W0X","pid":12082,"level":20,"msg":"Processed: \u001b[35mlayout/_partial/head.ejs\u001b[39m","time":"2020-02-16T07:05:46.036Z","v":0}
{"name":"hexo","hostname":"lexssama-KPL-W0X","pid":12082,"level":20,"msg":"Processed: \u001b[35mlayout/_partial/header.ejs\u001b[39m","time":"2020-02-16T07:05:46.036Z","v":0}
{"name":"hexo","hostname":"lexssama-KPL-W0X","pid":12082,"level":20,"msg":"Processed: \u001b[35mlayout/_partial/mobile-nav.ejs\u001b[39m","time":"2020-02-16T07:05:46.036Z","v":0}
{"name":"hexo","hostname":"lexssama-KPL-W0X","pid":12082,"level":20,"msg":"Processed: \u001b[35mlayout/_partial/sidebar.ejs\u001b[39m","time":"2020-02-16T07:05:46.036Z","v":0}
{"name":"hexo","hostname":"lexssama-KPL-W0X","pid":12082,"level":20,"msg":"Processed: \u001b[35mlayout/_widget/archive.ejs\u001b[39m","time":"2020-02-16T07:05:46.036Z","v":0}
{"name":"hexo","hostname":"lexssama-KPL-W0X","pid":12082,"level":20,"msg":"Processed: \u001b[35mlayout/_widget/category.ejs\u001b[39m","time":"2020-02-16T07:05:46.036Z","v":0}
{"name":"hexo","hostname":"lexssama-KPL-W0X","pid":12082,"level":20,"msg":"Processed: \u001b[35mlayout/_widget/recent_posts.ejs\u001b[39m","time":"2020-02-16T07:05:46.036Z","v":0}
{"name":"hexo","hostname":"lexssama-KPL-W0X","pid":12082,"level":20,"msg":"Processed: \u001b[35mlayout/_widget/tag.ejs\u001b[39m","time":"2020-02-16T07:05:46.036Z","v":0}
{"name":"hexo","hostname":"lexssama-KPL-W0X","pid":12082,"level":20,"msg":"Processed: \u001b[35mlayout/_widget/tagcloud.ejs\u001b[39m","time":"2020-02-16T07:05:46.037Z","v":0}
{"name":"hexo","hostname":"lexssama-KPL-W0X","pid":12082,"level":20,"msg":"Processed: \u001b[35mlayout/_partial/post/date.ejs\u001b[39m","time":"2020-02-16T07:05:46.046Z","v":0}
{"name":"hexo","hostname":"lexssama-KPL-W0X","pid":12082,"level":20,"msg":"Processed: \u001b[35mlayout/_partial/post/gallery.ejs\u001b[39m","time":"2020-02-16T07:05:46.047Z","v":0}
{"name":"hexo","hostname":"lexssama-KPL-W0X","pid":12082,"level":20,"msg":"Processed: \u001b[35mlayout/_partial/post/category.ejs\u001b[39m","time":"2020-02-16T07:05:46.047Z","v":0}
{"name":"hexo","hostname":"lexssama-KPL-W0X","pid":12082,"level":20,"msg":"Processed: \u001b[35mlayout/_partial/post/nav.ejs\u001b[39m","time":"2020-02-16T07:05:46.047Z","v":0}
{"name":"hexo","hostname":"lexssama-KPL-W0X","pid":12082,"level":20,"msg":"Processed: \u001b[35mlayout/_partial/post/tag.ejs\u001b[39m","time":"2020-02-16T07:05:46.047Z","v":0}
{"name":"hexo","hostname":"lexssama-KPL-W0X","pid":12082,"level":20,"msg":"Processed: \u001b[35mlayout/_partial/post/title.ejs\u001b[39m","time":"2020-02-16T07:05:46.047Z","v":0}
{"name":"hexo","hostname":"lexssama-KPL-W0X","pid":12082,"level":20,"msg":"Rendering post: \u001b[35m/home/lexssama/blog/source/_posts/process-switch-base-on-stack-switch.md\u001b[39m","time":"2020-02-16T07:05:46.076Z","v":0}
{"name":"hexo","hostname":"lexssama-KPL-W0X","pid":12082,"level":60,"err":{"message":" [Line 143, Column 159] unexpected token: }\n\u001b[36m    =====               Context Dump               =====\u001b[39m\n\u001b[36m    === (line number probably different from source) ===\u001b[39m\n\u001b[36m  138 | <figure class=\"highlight c\"><table><tr><td class=\"gutter\"><pre><span class=\"line\">1</span><br><span class=\"line\">2</span><br><span class=\"line\">3</span><br><span class=\"line\">4</span><br><span class=\"line\">5</span><br></pre></td><td class=\"code\"><pre><span class=\"line\">KERNEL_STACK = <span class=\"number\">12</span></span><br><span class=\"line\">movl %esp,KERNEL_STACK(%eax)\t! 保存上一个进程的栈顶指针</span><br><span class=\"line\">! 再取一下 ebx，因为前面修改过 ebx 的值,此时eax的值等于上一个进程的PCB指针</span><br><span class=\"line\">movl <span class=\"number\">8</span>(%ebp),%ebx\t</span><br><span class=\"line\">movl KERNEL_STACK(%ebx),%esp\t！取下个进程的栈顶指针放入esp</span><br></pre></td></tr></table></figure>\u001b[39m\n\u001b[36m  139 | \u001b[39m\n\u001b[36m  140 | <p>task_struct:</p>\u001b[39m\n\u001b[36m  141 | <figure class=\"highlight c\"><table><tr><td class=\"gutter\"><pre><span class=\"line\">1</span><br><span class=\"line\">2</span><br><span class=\"line\">3</span><br><span class=\"line\">4</span><br><span class=\"line\">5</span><br><span class=\"line\">6</span><br><span class=\"line\">7</span><br></pre></td><td class=\"code\"><pre><span class=\"line\"><span class=\"comment\">// 在 include/linux/sched.h 中</span></span><br><span class=\"line\"><span class=\"class\"><span class=\"keyword\">struct</span> <span class=\"title\">task_struct</span> &#123;</span></span><br><span class=\"line\">    <span class=\"keyword\">long</span> state;</span><br><span class=\"line\">    <span class=\"keyword\">long</span> counter;</span><br><span class=\"line\">    <span class=\"keyword\">long</span> priority;</span><br><span class=\"line\">    <span class=\"keyword\">long</span> kernelstack;</span><br><span class=\"line\"><span class=\"comment\">//......</span></span><br></pre></td></tr></table></figure>\u001b[39m\n\u001b[36m  142 | \u001b[39m\n\u001b[36m\u001b[1m  143 | <p>because we modify the PCB structure,  we also need to modify initialization code of 0 process PCB structure .Modify <code>#define INIT_TASK { 0,15,15, 0,{{},},0,...</code>  to <code>#define INIT_TASK { 0,15,15,PAGE_SIZE+(long)&amp;init_task, 0,{{},},0,...</code></p>\u001b[22m\u001b[39m\n\u001b[36m  144 | <p><strong>switch LDT</strong></p>\u001b[39m\n\u001b[36m  145 | <figure class=\"highlight plain\"><table><tr><td class=\"gutter\"><pre><span class=\"line\">1</span><br><span class=\"line\">2</span><br><span class=\"line\">3</span><br><span class=\"line\">4</span><br><span class=\"line\">5</span><br></pre></td><td class=\"code\"><pre><span class=\"line\">movl 12(%ebp),%ecx</span><br><span class=\"line\">lldt %cx</span><br><span class=\"line\">!上面使改LDT代码</span><br><span class=\"line\">movl $0x17,%ecx</span><br><span class=\"line\">mov %cx,%fs</span><br></pre></td></tr></table></figure>\u001b[39m\n\u001b[36m  146 | \u001b[39m\n\u001b[36m  147 | <p>Why we have to add two code <code>movl $0x17,%ecx</code> <code>mov %cx,%fs</code> behind that code of switch LDT.</p>\u001b[39m\n\u001b[36m  148 | <p>because we need to change the segment base address and segment length limit in the hidden register about fs.</p>\u001b[39m\n\u001b[36m    =====             Context Dump Ends            =====\u001b[39m","name":"Nunjucks Error","stack":"Nunjucks Error:  [Line 143, Column 159] unexpected token: }\n\u001b[36m    =====               Context Dump               =====\u001b[39m\n\u001b[36m    === (line number probably different from source) ===\u001b[39m\n\u001b[36m  138 | <figure class=\"highlight c\"><table><tr><td class=\"gutter\"><pre><span class=\"line\">1</span><br><span class=\"line\">2</span><br><span class=\"line\">3</span><br><span class=\"line\">4</span><br><span class=\"line\">5</span><br></pre></td><td class=\"code\"><pre><span class=\"line\">KERNEL_STACK = <span class=\"number\">12</span></span><br><span class=\"line\">movl %esp,KERNEL_STACK(%eax)\t! 保存上一个进程的栈顶指针</span><br><span class=\"line\">! 再取一下 ebx，因为前面修改过 ebx 的值,此时eax的值等于上一个进程的PCB指针</span><br><span class=\"line\">movl <span class=\"number\">8</span>(%ebp),%ebx\t</span><br><span class=\"line\">movl KERNEL_STACK(%ebx),%esp\t！取下个进程的栈顶指针放入esp</span><br></pre></td></tr></table></figure>\u001b[39m\n\u001b[36m  139 | \u001b[39m\n\u001b[36m  140 | <p>task_struct:</p>\u001b[39m\n\u001b[36m  141 | <figure class=\"highlight c\"><table><tr><td class=\"gutter\"><pre><span class=\"line\">1</span><br><span class=\"line\">2</span><br><span class=\"line\">3</span><br><span class=\"line\">4</span><br><span class=\"line\">5</span><br><span class=\"line\">6</span><br><span class=\"line\">7</span><br></pre></td><td class=\"code\"><pre><span class=\"line\"><span class=\"comment\">// 在 include/linux/sched.h 中</span></span><br><span class=\"line\"><span class=\"class\"><span class=\"keyword\">struct</span> <span class=\"title\">task_struct</span> &#123;</span></span><br><span class=\"line\">    <span class=\"keyword\">long</span> state;</span><br><span class=\"line\">    <span class=\"keyword\">long</span> counter;</span><br><span class=\"line\">    <span class=\"keyword\">long</span> priority;</span><br><span class=\"line\">    <span class=\"keyword\">long</span> kernelstack;</span><br><span class=\"line\"><span class=\"comment\">//......</span></span><br></pre></td></tr></table></figure>\u001b[39m\n\u001b[36m  142 | \u001b[39m\n\u001b[36m\u001b[1m  143 | <p>because we modify the PCB structure,  we also need to modify initialization code of 0 process PCB structure .Modify <code>#define INIT_TASK { 0,15,15, 0,{{},},0,...</code>  to <code>#define INIT_TASK { 0,15,15,PAGE_SIZE+(long)&amp;init_task, 0,{{},},0,...</code></p>\u001b[22m\u001b[39m\n\u001b[36m  144 | <p><strong>switch LDT</strong></p>\u001b[39m\n\u001b[36m  145 | <figure class=\"highlight plain\"><table><tr><td class=\"gutter\"><pre><span class=\"line\">1</span><br><span class=\"line\">2</span><br><span class=\"line\">3</span><br><span class=\"line\">4</span><br><span class=\"line\">5</span><br></pre></td><td class=\"code\"><pre><span class=\"line\">movl 12(%ebp),%ecx</span><br><span class=\"line\">lldt %cx</span><br><span class=\"line\">!上面使改LDT代码</span><br><span class=\"line\">movl $0x17,%ecx</span><br><span class=\"line\">mov %cx,%fs</span><br></pre></td></tr></table></figure>\u001b[39m\n\u001b[36m  146 | \u001b[39m\n\u001b[36m  147 | <p>Why we have to add two code <code>movl $0x17,%ecx</code> <code>mov %cx,%fs</code> behind that code of switch LDT.</p>\u001b[39m\n\u001b[36m  148 | <p>because we need to change the segment base address and segment length limit in the hidden register about fs.</p>\u001b[39m\n\u001b[36m    =====             Context Dump Ends            =====\u001b[39m\n    at formatNunjucksError (/home/lexssama/blog/node_modules/hexo/lib/extend/tag.js:99:13)\n    at Promise.fromCallback.catch.err (/home/lexssama/blog/node_modules/hexo/lib/extend/tag.js:121:34)\n    at tryCatcher (/home/lexssama/blog/node_modules/bluebird/js/release/util.js:16:23)\n    at Promise._settlePromiseFromHandler (/home/lexssama/blog/node_modules/bluebird/js/release/promise.js:547:31)\n    at Promise._settlePromise (/home/lexssama/blog/node_modules/bluebird/js/release/promise.js:604:18)\n    at Promise._settlePromise0 (/home/lexssama/blog/node_modules/bluebird/js/release/promise.js:649:10)\n    at Promise._settlePromises (/home/lexssama/blog/node_modules/bluebird/js/release/promise.js:725:18)\n    at _drainQueueStep (/home/lexssama/blog/node_modules/bluebird/js/release/async.js:93:12)\n    at _drainQueue (/home/lexssama/blog/node_modules/bluebird/js/release/async.js:86:9)\n    at Async._drainQueues (/home/lexssama/blog/node_modules/bluebird/js/release/async.js:102:5)\n    at Immediate.Async.drainQueues [as _onImmediate] (/home/lexssama/blog/node_modules/bluebird/js/release/async.js:15:14)\n    at runCallback (timers.js:705:18)\n    at tryOnImmediate (timers.js:676:5)\n    at processImmediate (timers.js:658:5)"},"msg":"Something's wrong. Maybe you can find the solution here: \u001b[4mhttps://hexo.io/docs/troubleshooting.html\u001b[24m","time":"2020-02-16T07:05:46.134Z","v":0}
{"name":"hexo","hostname":"lexssama-KPL-W0X","pid":12082,"level":20,"msg":"Database saved","time":"2020-02-16T07:05:46.139Z","v":0}
